<?xml version="1.0" encoding="UTF-8"?>
<!-- Generated by org.testng.reporters.JUnitReportReporter -->
<testsuite hostname="SYS348" failures="0" tests="2" name="test.AmzCartVerification" time="103.896" errors="0" timestamp="06 Jan 2020 09:11:07 GMT" skipped="0">
  <testcase classname="test.AmzCartVerification" name="verifyCartItems" time="55.404"/>
  <testcase classname="test.AmzCartVerification" name="verifyCartItems" time="48.492"/>
</testsuite> <!-- test.AmzCartVerification -->
